app/build/intermediates/manifest_merge_blame_file/debug/manifest-merger-blame-debug-report.txt
1<?xml version="1.0" encoding="utf-8"?>
2<manifest xmlns:android="http://schemas.android.com/apk/res/android"
3    package="com.example.hp.myapplication"
4    android:versionCode="1"
5    android:versionName="1.0" >
6
7    <uses-sdk
8        android:minSdkVersion="21"
8-->src\main\AndroidManifest.xml
9        android:targetSdkVersion="31" />
9-->src\main\AndroidManifest.xml
10
11    <uses-permission android:name="android.permission.INTERNET" />
11-->src\main\AndroidManifest.xml:6:5-67
11-->src\main\AndroidManifest.xml:6:22-64
12
13    <!-- Although the *SdkVersion is captured in gradle build files, this is required for non gradle builds -->
14    <!-- <uses-sdk android:minSdkVersion="14"/> -->
15    <uses-permission android:name="android.permission.ACCESS_NETWORK_STATE" />
15-->[com.google.firebase:firebase-storage:20.2.1] AndroidManifest.xml:25:5-79
15-->[com.google.firebase:firebase-storage:20.2.1] AndroidManifest.xml:25:22-76
16    <uses-permission android:name="android.permission.POST_NOTIFICATIONS" />
16-->[com.google.firebase:firebase-messaging:23.3.0] AndroidManifest.xml:23:5-77
16-->[com.google.firebase:firebase-messaging:23.3.0] AndroidManifest.xml:23:22-74
17    <uses-permission android:name="android.permission.WAKE_LOCK" /> <!-- Required by older versions of Google Play services to create IID tokens -->
17-->[com.google.firebase:firebase-messaging:23.3.0] AndroidManifest.xml:24:5-68
17-->[com.google.firebase:firebase-messaging:23.3.0] AndroidManifest.xml:24:22-65
18    <uses-permission android:name="com.google.android.c2dm.permission.RECEIVE" />
18-->[com.google.firebase:firebase-messaging:23.3.0] AndroidManifest.xml:26:5-82
18-->[com.google.firebase:firebase-messaging:23.3.0] AndroidManifest.xml:26:22-79
19    <uses-permission android:name="com.google.android.finsky.permission.BIND_GET_INSTALL_REFERRER_SERVICE" />
19-->[com.google.android.gms:play-services-measurement:19.0.0] AndroidManifest.xml:26:5-110
19-->[com.google.android.gms:play-services-measurement:19.0.0] AndroidManifest.xml:26:22-107
20
21    <application
21-->src\main\AndroidManifest.xml:9:5-67:19
22        android:allowBackup="true"
22-->[com.cepheuen.elegant-number-button:lib:1.0.2] AndroidManifest.xml:12:9-35
23        android:appComponentFactory="androidx.core.app.CoreComponentFactory"
23-->[androidx.core:core:1.3.2] AndroidManifest.xml:24:18-86
24        android:debuggable="true"
25        android:icon="@mipmap/ic_launcher"
25-->src\main\AndroidManifest.xml:10:9-43
26        android:label="@string/app_name"
26-->src\main\AndroidManifest.xml:11:9-41
27        android:roundIcon="@mipmap/ic_launcher_round"
27-->src\main\AndroidManifest.xml:12:9-54
28        android:supportsRtl="true"
28-->src\main\AndroidManifest.xml:13:9-35
29        android:testOnly="true"
30        android:theme="@style/AppTheme" >
30-->src\main\AndroidManifest.xml:14:9-40
31        <meta-data
31-->src\main\AndroidManifest.xml:17:9-19:57
32            android:name="com.google.firebase.messaging.default_notification_icon"
32-->src\main\AndroidManifest.xml:18:13-83
33            android:resource="@drawable/side_nav_bar" />
33-->src\main\AndroidManifest.xml:19:13-54
34        <meta-data
34-->src\main\AndroidManifest.xml:20:9-22:71
35            android:name="com.google.firebase.messaging.default_notification_channel_id"
35-->src\main\AndroidManifest.xml:21:13-89
36            android:value="@string/default_notification_channel_id" />
36-->src\main\AndroidManifest.xml:22:13-68
37        <!--
38             Set color used with incoming notification messages. This is used when no color is set for the incoming
39             notification message. See README(https://goo.gl/6BKBk7) for more.
40        -->
41        <meta-data
41-->src\main\AndroidManifest.xml:25:9-27:53
42            android:name="com.google.firebase.messaging.default_notification_color"
42-->src\main\AndroidManifest.xml:26:13-84
43            android:resource="@color/colorAccent" />
43-->src\main\AndroidManifest.xml:27:13-50
44
45        <activity
45-->src\main\AndroidManifest.xml:28:9-32:20
46            android:name="com.example.hp.myapplication.admin.AddCatagoryActivity"
46-->src\main\AndroidManifest.xml:29:13-54
47            android:exported="true" >
47-->src\main\AndroidManifest.xml:30:13-36
48        </activity>
49        <activity
49-->src\main\AndroidManifest.xml:33:9-35:40
50            android:name="com.example.hp.myapplication.AddItemtofire"
50-->src\main\AndroidManifest.xml:34:13-42
51            android:exported="false" />
51-->src\main\AndroidManifest.xml:35:13-37
52        <activity
52-->src\main\AndroidManifest.xml:36:9-40:20
53            android:name="com.example.hp.myapplication.WelcomeActivity"
53-->src\main\AndroidManifest.xml:37:13-44
54            android:exported="false" >
54-->src\main\AndroidManifest.xml:38:13-37
55        </activity>
56        <activity
56-->src\main\AndroidManifest.xml:41:9-54:20
57            android:name="com.example.hp.myapplication.MainActivity"
57-->src\main\AndroidManifest.xml:42:13-41
58            android:exported="true"
58-->src\main\AndroidManifest.xml:44:13-36
59            android:label="@string/title_activity_welcome"
59-->src\main\AndroidManifest.xml:43:13-59
60            android:theme="@style/AppTheme" >
60-->src\main\AndroidManifest.xml:45:13-44
61            <intent-filter>
61-->src\main\AndroidManifest.xml:49:13-53:29
62                <action android:name="android.intent.action.MAIN" />
62-->src\main\AndroidManifest.xml:50:17-69
62-->src\main\AndroidManifest.xml:50:25-66
63
64                <category android:name="android.intent.category.LAUNCHER" />
64-->src\main\AndroidManifest.xml:52:17-77
64-->src\main\AndroidManifest.xml:52:27-74
65            </intent-filter>
66        </activity>
67        <activity
67-->src\main\AndroidManifest.xml:55:9-70
68            android:name="com.example.hp.myapplication.SignIn"
68-->src\main\AndroidManifest.xml:55:19-41
69            android:exported="false" />
69-->src\main\AndroidManifest.xml:55:43-67
70        <activity
70-->src\main\AndroidManifest.xml:56:9-57:40
71            android:name="com.example.hp.myapplication.AdminSide"
71-->src\main\AndroidManifest.xml:56:19-44
72            android:exported="false" />
72-->src\main\AndroidManifest.xml:57:13-37
73        <activity
73-->src\main\AndroidManifest.xml:58:9-59:39
74            android:name="com.example.hp.myapplication.SignUp"
74-->src\main\AndroidManifest.xml:58:19-41
75            android:exported="false" />
75-->src\main\AndroidManifest.xml:59:13-37
76        <activity
76-->src\main\AndroidManifest.xml:60:9-63:47
77            android:name="com.example.hp.myapplication.Home"
77-->src\main\AndroidManifest.xml:61:13-33
78            android:label="@string/title_activity_home"
78-->src\main\AndroidManifest.xml:62:13-56
79            android:theme="@style/AppTheme" />
79-->src\main\AndroidManifest.xml:63:13-44
80        <activity
80-->src\main\AndroidManifest.xml:64:9-71
81            android:name="com.example.hp.myapplication.FoodList"
81-->src\main\AndroidManifest.xml:64:19-43
82            android:exported="false" />
82-->src\main\AndroidManifest.xml:64:45-69
83        <activity
83-->src\main\AndroidManifest.xml:65:9-73
84            android:name="com.example.hp.myapplication.FoodDetail"
84-->src\main\AndroidManifest.xml:65:19-45
85            android:exported="false" />
85-->src\main\AndroidManifest.xml:65:47-71
86        <activity
86-->src\main\AndroidManifest.xml:66:9-67
87            android:name="com.example.hp.myapplication.Cart"
87-->src\main\AndroidManifest.xml:66:19-39
88            android:exported="false" />
88-->src\main\AndroidManifest.xml:66:41-65
89
90        <provider
90-->[com.squareup.picasso:picasso:2.71828] AndroidManifest.xml:8:9-11:40
91            android:name="com.squareup.picasso.PicassoProvider"
91-->[com.squareup.picasso:picasso:2.71828] AndroidManifest.xml:9:13-64
92            android:authorities="com.example.hp.myapplication.com.squareup.picasso"
92-->[com.squareup.picasso:picasso:2.71828] AndroidManifest.xml:10:13-72
93            android:exported="false" />
93-->[com.squareup.picasso:picasso:2.71828] AndroidManifest.xml:11:13-37
94
95        <service
95-->[com.google.firebase:firebase-database-ktx:20.2.2] AndroidManifest.xml:11:9-17:19
96            android:name="com.google.firebase.components.ComponentDiscoveryService"
96-->[com.google.firebase:firebase-database-ktx:20.2.2] AndroidManifest.xml:12:13-84
97            android:directBootAware="true"
97-->[com.google.firebase:firebase-common:20.4.2] AndroidManifest.xml:32:13-43
98            android:exported="false" >
98-->[com.google.firebase:firebase-database-ktx:20.2.2] AndroidManifest.xml:13:13-37
99            <meta-data
99-->[com.google.firebase:firebase-database-ktx:20.2.2] AndroidManifest.xml:14:13-16:85
100                android:name="com.google.firebase.components:com.google.firebase.database.ktx.FirebaseDatabaseKtxRegistrar"
100-->[com.google.firebase:firebase-database-ktx:20.2.2] AndroidManifest.xml:15:17-124
101                android:value="com.google.firebase.components.ComponentRegistrar" />
101-->[com.google.firebase:firebase-database-ktx:20.2.2] AndroidManifest.xml:16:17-82
102            <meta-data
102-->[com.google.firebase:firebase-storage:20.2.1] AndroidManifest.xml:32:13-34:85
103                android:name="com.google.firebase.components:com.google.firebase.storage.StorageRegistrar"
103-->[com.google.firebase:firebase-storage:20.2.1] AndroidManifest.xml:33:17-107
104                android:value="com.google.firebase.components.ComponentRegistrar" />
104-->[com.google.firebase:firebase-storage:20.2.1] AndroidManifest.xml:34:17-82
105            <meta-data
105-->[com.google.firebase:firebase-messaging:23.3.0] AndroidManifest.xml:53:13-55:85
106                android:name="com.google.firebase.components:com.google.firebase.messaging.FirebaseMessagingKtxRegistrar"
106-->[com.google.firebase:firebase-messaging:23.3.0] AndroidManifest.xml:54:17-122
107                android:value="com.google.firebase.components.ComponentRegistrar" />
107-->[com.google.firebase:firebase-messaging:23.3.0] AndroidManifest.xml:55:17-82
108            <meta-data
108-->[com.google.firebase:firebase-messaging:23.3.0] AndroidManifest.xml:56:13-58:85
109                android:name="com.google.firebase.components:com.google.firebase.messaging.FirebaseMessagingRegistrar"
109-->[com.google.firebase:firebase-messaging:23.3.0] AndroidManifest.xml:57:17-119
110                android:value="com.google.firebase.components.ComponentRegistrar" />
110-->[com.google.firebase:firebase-messaging:23.3.0] AndroidManifest.xml:58:17-82
111            <meta-data
111-->[com.google.firebase:firebase-database:20.2.2] AndroidManifest.xml:31:13-33:85
112                android:name="com.google.firebase.components:com.google.firebase.database.DatabaseRegistrar"
112-->[com.google.firebase:firebase-database:20.2.2] AndroidManifest.xml:32:17-109
113                android:value="com.google.firebase.components.ComponentRegistrar" />
113-->[com.google.firebase:firebase-database:20.2.2] AndroidManifest.xml:33:17-82
114            <meta-data
114-->[com.google.android.gms:play-services-measurement-api:19.0.0] AndroidManifest.xml:30:13-32:85
115                android:name="com.google.firebase.components:com.google.firebase.analytics.connector.internal.AnalyticsConnectorRegistrar"
115-->[com.google.android.gms:play-services-measurement-api:19.0.0] AndroidManifest.xml:31:17-139
116                android:value="com.google.firebase.components.ComponentRegistrar" />
116-->[com.google.android.gms:play-services-measurement-api:19.0.0] AndroidManifest.xml:32:17-82
117            <meta-data
117-->[com.google.firebase:firebase-installations:17.2.0] AndroidManifest.xml:15:13-17:85
118                android:name="com.google.firebase.components:com.google.firebase.installations.FirebaseInstallationsKtxRegistrar"
118-->[com.google.firebase:firebase-installations:17.2.0] AndroidManifest.xml:16:17-130
119                android:value="com.google.firebase.components.ComponentRegistrar" />
119-->[com.google.firebase:firebase-installations:17.2.0] AndroidManifest.xml:17:17-82
120            <meta-data
120-->[com.google.firebase:firebase-installations:17.2.0] AndroidManifest.xml:18:13-20:85
121                android:name="com.google.firebase.components:com.google.firebase.installations.FirebaseInstallationsRegistrar"
121-->[com.google.firebase:firebase-installations:17.2.0] AndroidManifest.xml:19:17-127
122                android:value="com.google.firebase.components.ComponentRegistrar" />
122-->[com.google.firebase:firebase-installations:17.2.0] AndroidManifest.xml:20:17-82
123            <meta-data
123-->[com.google.firebase:firebase-common-ktx:20.4.2] AndroidManifest.xml:12:13-14:85
124                android:name="com.google.firebase.components:com.google.firebase.ktx.FirebaseCommonLegacyRegistrar"
124-->[com.google.firebase:firebase-common-ktx:20.4.2] AndroidManifest.xml:13:17-116
125                android:value="com.google.firebase.components.ComponentRegistrar" />
125-->[com.google.firebase:firebase-common-ktx:20.4.2] AndroidManifest.xml:14:17-82
126            <meta-data
126-->[com.google.firebase:firebase-common:20.4.2] AndroidManifest.xml:35:13-37:85
127                android:name="com.google.firebase.components:com.google.firebase.FirebaseCommonKtxRegistrar"
127-->[com.google.firebase:firebase-common:20.4.2] AndroidManifest.xml:36:17-109
128                android:value="com.google.firebase.components.ComponentRegistrar" />
128-->[com.google.firebase:firebase-common:20.4.2] AndroidManifest.xml:37:17-82
129            <meta-data
129-->[com.google.firebase:firebase-datatransport:18.1.7] AndroidManifest.xml:27:13-29:85
130                android:name="com.google.firebase.components:com.google.firebase.datatransport.TransportRegistrar"
130-->[com.google.firebase:firebase-datatransport:18.1.7] AndroidManifest.xml:28:17-115
131                android:value="com.google.firebase.components.ComponentRegistrar" />
131-->[com.google.firebase:firebase-datatransport:18.1.7] AndroidManifest.xml:29:17-82
132        </service>
133
134        <receiver
134-->[com.google.firebase:firebase-messaging:23.3.0] AndroidManifest.xml:29:9-36:20
135            android:name="com.google.firebase.iid.FirebaseInstanceIdReceiver"
135-->[com.google.firebase:firebase-messaging:23.3.0] AndroidManifest.xml:30:13-78
136            android:exported="true"
136-->[com.google.firebase:firebase-messaging:23.3.0] AndroidManifest.xml:31:13-36
137            android:permission="com.google.android.c2dm.permission.SEND" >
137-->[com.google.firebase:firebase-messaging:23.3.0] AndroidManifest.xml:32:13-73
138            <intent-filter>
138-->[com.google.firebase:firebase-messaging:23.3.0] AndroidManifest.xml:33:13-35:29
139                <action android:name="com.google.android.c2dm.intent.RECEIVE" />
139-->[com.google.firebase:firebase-messaging:23.3.0] AndroidManifest.xml:34:17-81
139-->[com.google.firebase:firebase-messaging:23.3.0] AndroidManifest.xml:34:25-78
140            </intent-filter>
141        </receiver>
142        <!--
143             FirebaseMessagingService performs security checks at runtime,
144             but set to not exported to explicitly avoid allowing another app to call it.
145        -->
146        <service
146-->[com.google.firebase:firebase-messaging:23.3.0] AndroidManifest.xml:42:9-49:19
147            android:name="com.google.firebase.messaging.FirebaseMessagingService"
147-->[com.google.firebase:firebase-messaging:23.3.0] AndroidManifest.xml:43:13-82
148            android:directBootAware="true"
148-->[com.google.firebase:firebase-messaging:23.3.0] AndroidManifest.xml:44:13-43
149            android:exported="false" >
149-->[com.google.firebase:firebase-messaging:23.3.0] AndroidManifest.xml:45:13-37
150            <intent-filter android:priority="-500" >
150-->[com.google.firebase:firebase-messaging:23.3.0] AndroidManifest.xml:46:13-48:29
150-->[com.google.firebase:firebase-messaging:23.3.0] AndroidManifest.xml:46:28-51
151                <action android:name="com.google.firebase.MESSAGING_EVENT" />
151-->[com.google.firebase:firebase-messaging:23.3.0] AndroidManifest.xml:47:17-78
151-->[com.google.firebase:firebase-messaging:23.3.0] AndroidManifest.xml:47:25-75
152            </intent-filter>
153        </service>
154
155        <provider
155-->[com.google.firebase:firebase-common:20.4.2] AndroidManifest.xml:23:9-28:39
156            android:name="com.google.firebase.provider.FirebaseInitProvider"
156-->[com.google.firebase:firebase-common:20.4.2] AndroidManifest.xml:24:13-77
157            android:authorities="com.example.hp.myapplication.firebaseinitprovider"
157-->[com.google.firebase:firebase-common:20.4.2] AndroidManifest.xml:25:13-72
158            android:directBootAware="true"
158-->[com.google.firebase:firebase-common:20.4.2] AndroidManifest.xml:26:13-43
159            android:exported="false"
159-->[com.google.firebase:firebase-common:20.4.2] AndroidManifest.xml:27:13-37
160            android:initOrder="100" />
160-->[com.google.firebase:firebase-common:20.4.2] AndroidManifest.xml:28:13-36
161
162        <activity
162-->[com.google.android.gms:play-services-base:18.1.0] AndroidManifest.xml:20:9-22:45
163            android:name="com.google.android.gms.common.api.GoogleApiActivity"
163-->[com.google.android.gms:play-services-base:18.1.0] AndroidManifest.xml:20:19-85
164            android:exported="false"
164-->[com.google.android.gms:play-services-base:18.1.0] AndroidManifest.xml:22:19-43
165            android:theme="@android:style/Theme.Translucent.NoTitleBar" />
165-->[com.google.android.gms:play-services-base:18.1.0] AndroidManifest.xml:21:19-78
166
167        <receiver
167-->[com.google.android.gms:play-services-measurement:19.0.0] AndroidManifest.xml:29:9-33:20
168            android:name="com.google.android.gms.measurement.AppMeasurementReceiver"
168-->[com.google.android.gms:play-services-measurement:19.0.0] AndroidManifest.xml:30:13-85
169            android:enabled="true"
169-->[com.google.android.gms:play-services-measurement:19.0.0] AndroidManifest.xml:31:13-35
170            android:exported="false" >
170-->[com.google.android.gms:play-services-measurement:19.0.0] AndroidManifest.xml:32:13-37
171        </receiver>
172
173        <service
173-->[com.google.android.gms:play-services-measurement:19.0.0] AndroidManifest.xml:35:9-38:40
174            android:name="com.google.android.gms.measurement.AppMeasurementService"
174-->[com.google.android.gms:play-services-measurement:19.0.0] AndroidManifest.xml:36:13-84
175            android:enabled="true"
175-->[com.google.android.gms:play-services-measurement:19.0.0] AndroidManifest.xml:37:13-35
176            android:exported="false" />
176-->[com.google.android.gms:play-services-measurement:19.0.0] AndroidManifest.xml:38:13-37
177        <service
177-->[com.google.android.gms:play-services-measurement:19.0.0] AndroidManifest.xml:39:9-43:72
178            android:name="com.google.android.gms.measurement.AppMeasurementJobService"
178-->[com.google.android.gms:play-services-measurement:19.0.0] AndroidManifest.xml:40:13-87
179            android:enabled="true"
179-->[com.google.android.gms:play-services-measurement:19.0.0] AndroidManifest.xml:41:13-35
180            android:exported="false"
180-->[com.google.android.gms:play-services-measurement:19.0.0] AndroidManifest.xml:42:13-37
181            android:permission="android.permission.BIND_JOB_SERVICE" />
181-->[com.google.android.gms:play-services-measurement:19.0.0] AndroidManifest.xml:43:13-69
182
183        <meta-data
183-->[com.google.android.gms:play-services-basement:18.1.0] AndroidManifest.xml:21:9-23:69
184            android:name="com.google.android.gms.version"
184-->[com.google.android.gms:play-services-basement:18.1.0] AndroidManifest.xml:22:13-58
185            android:value="@integer/google_play_services_version" />
185-->[com.google.android.gms:play-services-basement:18.1.0] AndroidManifest.xml:23:13-66
186
187        <service
187-->[com.google.android.datatransport:transport-backend-cct:3.1.8] AndroidManifest.xml:28:9-34:19
188            android:name="com.google.android.datatransport.runtime.backends.TransportBackendDiscovery"
188-->[com.google.android.datatransport:transport-backend-cct:3.1.8] AndroidManifest.xml:29:13-103
189            android:exported="false" >
189-->[com.google.android.datatransport:transport-backend-cct:3.1.8] AndroidManifest.xml:30:13-37
190            <meta-data
190-->[com.google.android.datatransport:transport-backend-cct:3.1.8] AndroidManifest.xml:31:13-33:39
191                android:name="backend:com.google.android.datatransport.cct.CctBackendFactory"
191-->[com.google.android.datatransport:transport-backend-cct:3.1.8] AndroidManifest.xml:32:17-94
192                android:value="cct" />
192-->[com.google.android.datatransport:transport-backend-cct:3.1.8] AndroidManifest.xml:33:17-36
193        </service>
194        <service
194-->[com.google.android.datatransport:transport-runtime:3.1.8] AndroidManifest.xml:26:9-30:19
195            android:name="com.google.android.datatransport.runtime.scheduling.jobscheduling.JobInfoSchedulerService"
195-->[com.google.android.datatransport:transport-runtime:3.1.8] AndroidManifest.xml:27:13-117
196            android:exported="false"
196-->[com.google.android.datatransport:transport-runtime:3.1.8] AndroidManifest.xml:28:13-37
197            android:permission="android.permission.BIND_JOB_SERVICE" >
197-->[com.google.android.datatransport:transport-runtime:3.1.8] AndroidManifest.xml:29:13-69
198        </service>
199
200        <receiver
200-->[com.google.android.datatransport:transport-runtime:3.1.8] AndroidManifest.xml:32:9-34:40
201            android:name="com.google.android.datatransport.runtime.scheduling.jobscheduling.AlarmManagerSchedulerBroadcastReceiver"
201-->[com.google.android.datatransport:transport-runtime:3.1.8] AndroidManifest.xml:33:13-132
202            android:exported="false" />
202-->[com.google.android.datatransport:transport-runtime:3.1.8] AndroidManifest.xml:34:13-37
203    </application>
204
205</manifest>